12:12:18 INFO:table DWH_CUSTOMERS has no column named past_3_years_bike_related_purchases
12:13:38 INFO:table DWH_CUSTOMERS has no column named past_3_years_bike_related_purchases
12:14:57 INFO:table DWH_CUSTOMERS has no column named past_3_years_bike_related_purchases
12:42:18 INFO:table DWH_CUSTOMERS has no column named past_3_years_bike_related_purchases
12:43:56 INFO:table DWH_CUSTOMERS has no column named past_3_years_bike_related_purchases
12:50:02 INFO:near "ON": syntax error
12:50:43 INFO:near "as": syntax error
12:51:46 INFO:near "AS": syntax error
13:03:30 INFO:near "AS": syntax error
13:03:50 INFO:table DWH_CUSTOMERS has no column named past_3_years_bike_related_purchases
13:04:54 INFO:table DWH_CUSTOMERS has no column named past_3_years_bike_related_purchases
13:05:15 INFO:table DWH_CUSTOMERS has no column named wealth_segment
13:08:56 INFO:table DWH_CUSTOMERS has no column named past_3_years_bike_related_purchases
13:13:29 INFO:table DWH_CUSTOMERS has no column named past_3_years_bike_related_purchases
13:13:45 INFO:table DWH_CUSTOMERS has no column named past_3_years_bike_related_purchases
13:15:46 INFO:table DWH_CUSTOMERS has no column named past_3_years_bike_related_purchases
13:16:41 INFO:table DWH_CUSTOMERS has no column named past_3_years_bike_related_purchases
13:18:09 INFO:table DWH_CUSTOMERS has no column named past_3_years_bike_related_purchases
13:24:24 INFO:near "SELECT": syntax error
13:25:58 INFO:table DWH_CUSTOMERS has no column named past_3_years_bike_related_purchases
13:26:29 INFO:table DWH_CUSTOMERS has no column named past_3_years_bike_related_purchases
13:29:31 INFO:no such column: postcode


17:13:21 - [INFO] -  root - (etl_task.py).read_sql_script(54) - near "create_dt": syntax error
17:13:21 - [INFO] -  root - (etl_task.py).read_sql_script(54) - no such table: DWH_BRANDS
17:13:49 - [INFO] -  root - (etl_task.py).read_sql_script(54) - near "create_dt": syntax error
17:13:49 - [INFO] -  root - (etl_task.py).read_sql_script(54) - no such table: DWH_BRANDS
17:13:49 - [INFO] -  root - (etl_task.py).read_sql_script(54) - no such table: DWH_BRANDS
17:20:25 - [INFO] -  root - (etl_task.py).read_sql_script(54) - near "CREATE": syntax error
17:20:25 - [INFO] -  root - (etl_task.py).read_sql_script(54) - no such table: DWH_TRANSACTIONS
17:20:46 - [INFO] -  root - (etl_task.py).read_sql_script(54) - near "CREATE": syntax error
17:20:46 - [INFO] -  root - (etl_task.py).read_sql_script(54) - no such table: DWH_TRANSACTIONS
17:21:03 - [INFO] -  root - (etl_task.py).read_sql_script(54) - no such column: brand_id
18:23:25 - [INFO] -  root - (etl_task.py).read_sql_script(55) - near "AS": syntax error
18:23:40 - [INFO] -  root - (etl_task.py).read_sql_script(55) - near "AS": syntax error
18:25:35 - [INFO] -  root - (etl_task.py).read_sql_script(55) - near "AS": syntax error
18:41:39 - [INFO] -  root - (etl_task.py).read_sql_script(55) - near "(": syntax error
18:42:55 - [INFO] -  root - (etl_task.py).read_sql_script(55) - near "(": syntax error
10:48:07 - [INFO] -  root - (etl_task.py).read_sql_script(59) - near "REFERENCES": syntax error
10:48:07 - [INFO] -  root - (etl_task.py).read_sql_script(59) - table DWH_TRANSACTIONS has no column named uniq_product_id
10:48:50 - [INFO] -  root - (etl_task.py).read_sql_script(59) - near "FOREIGN": syntax error
10:48:50 - [INFO] -  root - (etl_task.py).read_sql_script(59) - table DWH_TRANSACTIONS has no column named uniq_product_id
10:49:04 - [INFO] -  root - (etl_task.py).read_sql_script(59) - table DWH_TRANSACTIONS has no column named uniq_product_id
12:03:33 - [INFO] -  root - (etl_task.py).read_sql_script(59) - RIGHT and FULL OUTER JOINs are not currently supported
